2018-08-30 22:06:15,135:INFO: Creating the datasets...
2018-08-30 22:06:15,135:INFO: Number of breed labels 120
2018-08-30 22:07:48,387:INFO: Creating the datasets...
2018-08-30 22:07:48,387:INFO: Number of breed labels 120
2018-08-30 22:08:13,532:INFO: Creating the datasets...
2018-08-30 22:08:13,533:INFO: Number of breed labels 120
2018-08-30 22:08:27,306:INFO: Creating the datasets...
2018-08-30 22:08:27,307:INFO: Number of breed labels 120
2018-08-30 22:09:16,029:INFO: Creating the datasets...
2018-08-30 22:09:16,029:INFO: Number of breed labels 120
2018-08-30 22:09:16,033:INFO: Number of train datasets: 1130
2018-08-30 22:09:16,033:INFO: Number of eval datasets: 484
2018-08-30 22:09:16,033:INFO: Creating dataset...
2018-08-30 22:09:57,494:INFO: Creating the datasets...
2018-08-30 22:09:57,494:INFO: Number of breed labels 120
2018-08-30 22:09:57,497:INFO: Number of train datasets: 1130
2018-08-30 22:09:57,497:INFO: Number of eval datasets: 484
2018-08-30 22:09:57,497:INFO: Creating dataset...
2018-08-30 22:10:47,930:INFO: Creating the datasets...
2018-08-30 22:10:47,930:INFO: Number of breed labels 120
2018-08-30 22:10:47,934:INFO: Number of train datasets: 1130
2018-08-30 22:10:47,934:INFO: Number of eval datasets: 484
2018-08-30 22:10:47,934:INFO: Creating dataset...
2018-08-30 22:12:18,302:INFO: Creating the datasets...
2018-08-30 22:12:18,302:INFO: Number of breed labels 120
2018-08-30 22:12:18,305:INFO: Number of train datasets: 1130
2018-08-30 22:12:18,306:INFO: Number of eval datasets: 484
2018-08-30 22:12:18,306:INFO: Creating dataset...
2018-08-30 22:12:54,403:INFO: Creating the datasets...
2018-08-30 22:12:54,403:INFO: Number of breed labels 120
2018-08-30 22:12:54,407:INFO: Number of train datasets: 1130
2018-08-30 22:12:54,407:INFO: Number of eval datasets: 484
2018-08-30 22:12:54,407:INFO: Creating dataset...
2018-08-30 22:13:09,069:INFO: Creating the datasets...
2018-08-30 22:13:09,069:INFO: Number of breed labels 120
2018-08-30 22:13:09,073:INFO: Number of train datasets: 1130
2018-08-30 22:13:09,073:INFO: Number of eval datasets: 484
2018-08-30 22:13:09,073:INFO: Creating dataset...
2018-08-30 22:13:23,697:INFO: Creating the datasets...
2018-08-30 22:13:23,697:INFO: Number of breed labels 120
2018-08-30 22:13:23,700:INFO: Number of train datasets: 1130
2018-08-30 22:13:23,700:INFO: Number of eval datasets: 484
2018-08-30 22:13:23,701:INFO: Creating dataset...
2018-08-30 22:14:11,675:INFO: Creating the datasets...
2018-08-30 22:14:11,676:INFO: Number of breed labels 120
2018-08-30 22:14:11,679:INFO: Number of train datasets: 1130
2018-08-30 22:14:11,679:INFO: Number of eval datasets: 484
2018-08-30 22:14:11,679:INFO: Creating dataset...
2018-08-30 22:15:44,085:INFO: Creating the datasets...
2018-08-30 22:15:44,085:INFO: Number of breed labels 120
2018-08-30 22:15:44,090:INFO: Number of train datasets: 1130
2018-08-30 22:15:44,090:INFO: Number of eval datasets: 484
2018-08-30 22:15:44,090:INFO: Creating dataset...
2018-08-30 22:16:19,689:INFO: Creating the datasets...
2018-08-30 22:16:19,689:INFO: Number of breed labels 120
2018-08-30 22:16:19,693:INFO: Number of train datasets: 1130
2018-08-30 22:16:19,693:INFO: Number of eval datasets: 484
2018-08-30 22:16:19,693:INFO: Creating dataset...
2018-08-30 22:20:25,774:INFO: Creating the datasets...
2018-08-30 22:20:25,774:INFO: Number of breed labels 120
2018-08-30 22:20:25,778:INFO: Number of train datasets: 1130
2018-08-30 22:20:25,778:INFO: Number of eval datasets: 484
2018-08-30 22:20:25,778:INFO: Creating dataset...
2018-08-30 22:21:25,890:INFO: Creating the datasets...
2018-08-30 22:21:25,890:INFO: Number of breed labels 120
2018-08-30 22:21:25,894:INFO: Number of train datasets: 1130
2018-08-30 22:21:25,894:INFO: Number of eval datasets: 484
2018-08-30 22:21:25,894:INFO: Creating dataset...
2018-08-30 22:25:30,900:INFO: Creating the datasets...
2018-08-30 22:25:30,900:INFO: Number of breed labels 120
2018-08-30 22:25:30,903:INFO: Number of train datasets: 1130
2018-08-30 22:25:30,903:INFO: Number of eval datasets: 484
2018-08-30 22:25:30,903:INFO: Creating dataset...
2018-08-30 22:26:35,760:INFO: Creating the datasets...
2018-08-30 22:26:35,760:INFO: Number of breed labels 120
2018-08-30 22:26:35,763:INFO: Number of train datasets: 1130
2018-08-30 22:26:35,763:INFO: Number of eval datasets: 484
2018-08-30 22:26:35,763:INFO: Creating dataset...
2018-08-30 22:26:43,173:INFO: Creating the datasets...
2018-08-30 22:26:43,173:INFO: Number of breed labels 120
2018-08-30 22:26:43,176:INFO: Number of train datasets: 1130
2018-08-30 22:26:43,176:INFO: Number of eval datasets: 484
2018-08-30 22:26:43,176:INFO: Creating dataset...
2018-08-30 22:27:19,972:INFO: Creating the datasets...
2018-08-30 22:27:19,972:INFO: Number of breed labels 120
2018-08-30 22:27:19,975:INFO: Number of train datasets: 1130
2018-08-30 22:27:19,976:INFO: Number of eval datasets: 484
2018-08-30 22:27:19,976:INFO: Creating dataset...
2018-08-30 22:27:31,532:INFO: Creating the datasets...
2018-08-30 22:27:31,532:INFO: Number of breed labels 120
2018-08-30 22:27:31,535:INFO: Number of train datasets: 1130
2018-08-30 22:27:31,535:INFO: Number of eval datasets: 484
2018-08-30 22:27:31,535:INFO: Creating dataset...
2018-08-30 22:28:16,085:INFO: Creating the datasets...
2018-08-30 22:28:16,085:INFO: Number of breed labels 120
2018-08-30 22:28:16,088:INFO: Number of train datasets: 1130
2018-08-30 22:28:16,088:INFO: Number of eval datasets: 484
2018-08-30 22:28:16,088:INFO: Creating dataset...
2018-08-30 22:28:22,646:INFO: Creating the datasets...
2018-08-30 22:28:22,646:INFO: Number of breed labels 120
2018-08-30 22:28:22,650:INFO: Number of train datasets: 1130
2018-08-30 22:28:22,650:INFO: Number of eval datasets: 484
2018-08-30 22:28:22,650:INFO: Creating dataset...
2018-08-30 22:29:22,183:INFO: Creating the datasets...
2018-08-30 22:29:22,183:INFO: Number of breed labels 120
2018-08-30 22:29:22,186:INFO: Number of train datasets: 1130
2018-08-30 22:29:22,186:INFO: Number of eval datasets: 484
2018-08-30 22:29:22,186:INFO: Creating dataset...
2018-08-30 22:29:52,909:INFO: Creating the datasets...
2018-08-30 22:29:52,909:INFO: Number of breed labels 120
2018-08-30 22:29:52,912:INFO: Number of train datasets: 1130
2018-08-30 22:29:52,912:INFO: Number of eval datasets: 484
2018-08-30 22:29:52,912:INFO: Creating dataset...
2018-08-30 22:30:11,149:INFO: Creating the datasets...
2018-08-30 22:30:11,149:INFO: Number of breed labels 120
2018-08-30 22:30:11,152:INFO: Number of train datasets: 1130
2018-08-30 22:30:11,152:INFO: Number of eval datasets: 484
2018-08-30 22:30:11,152:INFO: Creating dataset...
2018-08-30 22:31:05,014:INFO: Creating the datasets...
2018-08-30 22:31:05,014:INFO: Number of breed labels 120
2018-08-30 22:31:05,017:INFO: Number of train datasets: 1130
2018-08-30 22:31:05,017:INFO: Number of eval datasets: 484
2018-08-30 22:31:05,017:INFO: Creating dataset...
2018-08-30 22:31:28,395:INFO: Creating the datasets...
2018-08-30 22:31:28,395:INFO: Number of breed labels 120
2018-08-30 22:31:28,398:INFO: Number of train datasets: 1130
2018-08-30 22:31:28,398:INFO: Number of eval datasets: 484
2018-08-30 22:31:28,398:INFO: Creating dataset...
2018-08-30 22:33:59,287:INFO: Creating the datasets...
2018-08-30 22:33:59,287:INFO: Number of breed labels 120
2018-08-30 22:33:59,291:INFO: Number of train datasets: 1130
2018-08-30 22:33:59,291:INFO: Number of eval datasets: 484
2018-08-30 22:33:59,291:INFO: Creating dataset...
2018-08-30 22:40:15,862:INFO: Creating the datasets...
2018-08-30 22:40:15,863:INFO: Number of breed labels 120
2018-08-30 22:40:15,866:INFO: Number of train datasets: 1130
2018-08-30 22:40:15,866:INFO: Number of eval datasets: 484
2018-08-30 22:40:15,866:INFO: Creating dataset...
2018-08-30 22:42:12,198:INFO: Creating the datasets...
2018-08-30 22:42:12,198:INFO: Number of breed labels 120
2018-08-30 22:42:12,201:INFO: Number of train datasets: 1130
2018-08-30 22:42:12,201:INFO: Number of eval datasets: 484
2018-08-30 22:42:12,201:INFO: Creating dataset...
2018-08-30 22:43:17,245:INFO: Creating the datasets...
2018-08-30 22:43:17,245:INFO: Number of breed labels 120
2018-08-30 22:43:17,248:INFO: Number of train datasets: 1130
2018-08-30 22:43:17,248:INFO: Number of eval datasets: 484
2018-08-30 22:43:17,248:INFO: Creating dataset...
2018-08-30 22:43:23,167:INFO: Creating the datasets...
2018-08-30 22:43:23,167:INFO: Number of breed labels 120
2018-08-30 22:43:23,170:INFO: Number of train datasets: 1130
2018-08-30 22:43:23,171:INFO: Number of eval datasets: 484
2018-08-30 22:43:23,171:INFO: Creating dataset...
2018-08-30 22:46:46,949:INFO: Creating the datasets...
2018-08-30 22:46:46,949:INFO: Number of breed labels 120
2018-08-30 22:46:46,953:INFO: Number of train datasets: 1130
2018-08-30 22:46:46,953:INFO: Number of eval datasets: 484
2018-08-30 22:46:46,953:INFO: Creating dataset...
2018-08-30 22:48:05,903:INFO: Creating the datasets...
2018-08-30 22:48:05,903:INFO: Number of breed labels 120
2018-08-30 22:48:05,906:INFO: Number of train datasets: 1130
2018-08-30 22:48:05,906:INFO: Number of eval datasets: 484
2018-08-30 22:48:05,906:INFO: Creating dataset...
2018-08-30 22:48:05,920:INFO: Creating the model...
2018-08-30 22:49:10,497:INFO: Creating the datasets...
2018-08-30 22:49:10,497:INFO: Number of breed labels 120
2018-08-30 22:49:10,500:INFO: Number of train datasets: 1130
2018-08-30 22:49:10,500:INFO: Number of eval datasets: 484
2018-08-30 22:49:10,500:INFO: Creating dataset...
2018-08-30 22:49:10,514:INFO: Creating the model...
2018-08-30 22:49:26,245:INFO: Creating the datasets...
2018-08-30 22:49:26,245:INFO: Number of breed labels 120
2018-08-30 22:49:26,248:INFO: Number of train datasets: 1130
2018-08-30 22:49:26,248:INFO: Number of eval datasets: 484
2018-08-30 22:49:26,248:INFO: Creating dataset...
2018-08-30 22:49:26,262:INFO: Creating the model...
2018-08-30 22:49:56,100:INFO: Creating the datasets...
2018-08-30 22:49:56,100:INFO: Number of breed labels 120
2018-08-30 22:49:56,103:INFO: Number of train datasets: 1130
2018-08-30 22:49:56,103:INFO: Number of eval datasets: 484
2018-08-30 22:49:56,103:INFO: Creating dataset...
2018-08-30 22:49:56,118:INFO: Creating the model...
2018-08-30 22:51:01,049:INFO: Creating the datasets...
2018-08-30 22:51:01,049:INFO: Number of breed labels 120
2018-08-30 22:51:01,053:INFO: Number of train datasets: 1130
2018-08-30 22:51:01,053:INFO: Number of eval datasets: 484
2018-08-30 22:51:01,053:INFO: Creating dataset...
2018-08-30 22:51:01,067:INFO: Creating the model...
2018-08-30 23:23:40,431:INFO: Creating the datasets...
2018-08-30 23:23:40,431:INFO: Number of breed labels 120
2018-08-30 23:23:40,435:INFO: Number of train datasets: 1130
2018-08-30 23:23:40,435:INFO: Number of eval datasets: 484
2018-08-30 23:23:40,435:INFO: Creating dataset...
2018-08-30 23:24:06,671:INFO: Creating the datasets...
2018-08-30 23:24:06,671:INFO: Number of breed labels 120
2018-08-30 23:24:06,674:INFO: Number of train datasets: 1130
2018-08-30 23:24:06,674:INFO: Number of eval datasets: 484
2018-08-30 23:24:06,674:INFO: Creating dataset...
2018-08-30 23:26:54,932:INFO: Creating the datasets...
2018-08-30 23:26:54,932:INFO: Number of breed labels 120
2018-08-30 23:26:54,936:INFO: Number of train datasets: 1130
2018-08-30 23:26:54,936:INFO: Number of eval datasets: 484
2018-08-30 23:26:54,936:INFO: Creating dataset...
2018-08-30 23:27:12,831:INFO: Creating the datasets...
2018-08-30 23:27:12,831:INFO: Number of breed labels 120
2018-08-30 23:27:12,835:INFO: Number of train datasets: 1130
2018-08-30 23:27:12,835:INFO: Number of eval datasets: 484
2018-08-30 23:27:12,835:INFO: Creating dataset...
2018-08-30 23:27:26,696:INFO: Creating the datasets...
2018-08-30 23:27:26,697:INFO: Number of breed labels 120
2018-08-30 23:27:26,700:INFO: Number of train datasets: 1130
2018-08-30 23:27:26,700:INFO: Number of eval datasets: 484
2018-08-30 23:27:26,700:INFO: Creating dataset...
2018-08-30 23:27:38,612:INFO: Creating the datasets...
2018-08-30 23:27:38,612:INFO: Number of breed labels 120
2018-08-30 23:27:38,616:INFO: Number of train datasets: 1130
2018-08-30 23:27:38,616:INFO: Number of eval datasets: 484
2018-08-30 23:27:38,616:INFO: Creating dataset...
2018-08-30 23:32:40,550:INFO: Creating the datasets...
2018-08-30 23:32:40,550:INFO: Number of breed labels 120
2018-08-30 23:32:40,553:INFO: Number of train datasets: 1130
2018-08-30 23:32:40,553:INFO: Number of eval datasets: 484
2018-08-30 23:32:40,553:INFO: Creating dataset...
2018-08-30 23:32:47,716:INFO: Creating the datasets...
2018-08-30 23:32:47,716:INFO: Number of breed labels 120
2018-08-30 23:32:47,720:INFO: Number of train datasets: 1130
2018-08-30 23:32:47,720:INFO: Number of eval datasets: 484
2018-08-30 23:32:47,720:INFO: Creating dataset...
2018-08-30 23:33:19,499:INFO: Creating the datasets...
2018-08-30 23:33:19,500:INFO: Number of breed labels 120
2018-08-30 23:33:19,503:INFO: Number of train datasets: 1130
2018-08-30 23:33:19,503:INFO: Number of eval datasets: 484
2018-08-30 23:33:19,503:INFO: Creating dataset...
2018-08-30 23:33:19,535:INFO: Creating the model...
2018-08-30 23:33:43,849:INFO: Creating the datasets...
2018-08-30 23:33:43,849:INFO: Number of breed labels 120
2018-08-30 23:33:43,853:INFO: Number of train datasets: 1130
2018-08-30 23:33:43,853:INFO: Number of eval datasets: 484
2018-08-30 23:33:43,853:INFO: Creating dataset...
2018-08-30 23:33:43,883:INFO: Creating the model...
2018-08-30 23:34:31,213:INFO: Creating the datasets...
2018-08-30 23:34:31,213:INFO: Number of breed labels 120
2018-08-30 23:34:31,217:INFO: Number of train datasets: 1130
2018-08-30 23:34:31,217:INFO: Number of eval datasets: 484
2018-08-30 23:34:31,217:INFO: Creating dataset...
2018-08-30 23:34:31,248:INFO: Creating the model...
2018-08-30 23:39:04,595:INFO: Creating the datasets...
2018-08-30 23:39:04,595:INFO: Number of breed labels 120
2018-08-30 23:39:04,599:INFO: Number of train datasets: 1130
2018-08-30 23:39:04,599:INFO: Number of eval datasets: 484
2018-08-30 23:39:04,599:INFO: Creating dataset...
2018-08-30 23:39:04,629:INFO: Creating the model...
2018-08-30 23:39:39,134:INFO: Creating the datasets...
2018-08-30 23:39:39,135:INFO: Number of breed labels 120
2018-08-30 23:39:39,138:INFO: Number of train datasets: 1130
2018-08-30 23:39:39,138:INFO: Number of eval datasets: 484
2018-08-30 23:39:39,138:INFO: Creating dataset...
2018-08-30 23:39:39,168:INFO: Creating the model...
2018-08-30 23:41:28,584:INFO: Creating the datasets...
2018-08-30 23:41:28,584:INFO: Number of breed labels 120
2018-08-30 23:41:28,588:INFO: Number of train datasets: 1130
2018-08-30 23:41:28,588:INFO: Number of eval datasets: 484
2018-08-30 23:41:28,588:INFO: Creating dataset...
2018-08-30 23:41:28,618:INFO: Creating the model...
2018-08-30 23:42:19,915:INFO: Creating the datasets...
2018-08-30 23:42:19,916:INFO: Number of breed labels 120
2018-08-30 23:42:19,919:INFO: Number of train datasets: 1130
2018-08-30 23:42:19,919:INFO: Number of eval datasets: 484
2018-08-30 23:42:19,919:INFO: Creating dataset...
2018-08-30 23:42:19,948:INFO: Creating the model...
2018-08-30 23:42:57,178:INFO: Creating the datasets...
2018-08-30 23:42:57,178:INFO: Number of breed labels 120
2018-08-30 23:42:57,182:INFO: Number of train datasets: 1130
2018-08-30 23:42:57,182:INFO: Number of eval datasets: 484
2018-08-30 23:42:57,182:INFO: Creating dataset...
2018-08-30 23:42:57,211:INFO: Creating the model...
2018-08-30 23:43:23,287:INFO: Creating the datasets...
2018-08-30 23:43:23,288:INFO: Number of breed labels 120
2018-08-30 23:43:23,291:INFO: Number of train datasets: 1130
2018-08-30 23:43:23,291:INFO: Number of eval datasets: 484
2018-08-30 23:43:23,291:INFO: Creating dataset...
2018-08-30 23:43:23,323:INFO: Creating the model...
2018-08-30 23:44:25,941:INFO: Creating the datasets...
2018-08-30 23:44:25,941:INFO: Number of breed labels 120
2018-08-30 23:44:25,945:INFO: Number of train datasets: 1130
2018-08-30 23:44:25,945:INFO: Number of eval datasets: 484
2018-08-30 23:44:25,945:INFO: Creating dataset...
2018-08-30 23:44:25,974:INFO: Creating the model...
2018-08-30 23:47:32,246:INFO: Creating the datasets...
2018-08-30 23:47:32,246:INFO: Number of breed labels 120
2018-08-30 23:47:32,249:INFO: Number of train datasets: 1130
2018-08-30 23:47:32,249:INFO: Number of eval datasets: 484
2018-08-30 23:47:32,249:INFO: Creating dataset...
2018-08-30 23:47:32,279:INFO: Creating the model...
2018-08-30 23:47:56,826:INFO: Creating the datasets...
2018-08-30 23:47:56,826:INFO: Number of breed labels 120
2018-08-30 23:47:56,830:INFO: Number of train datasets: 1130
2018-08-30 23:47:56,830:INFO: Number of eval datasets: 484
2018-08-30 23:47:56,830:INFO: Creating dataset...
2018-08-30 23:47:56,860:INFO: Creating the model...
2018-08-30 23:48:17,816:INFO: Creating the datasets...
2018-08-30 23:48:17,816:INFO: Number of breed labels 120
2018-08-30 23:48:17,819:INFO: Number of train datasets: 1130
2018-08-30 23:48:17,819:INFO: Number of eval datasets: 484
2018-08-30 23:48:17,819:INFO: Creating dataset...
2018-08-30 23:48:17,849:INFO: Creating the model...
2018-08-30 23:49:59,753:INFO: Creating the datasets...
2018-08-30 23:49:59,753:INFO: Number of breed labels 120
2018-08-30 23:49:59,756:INFO: Number of train datasets: 1130
2018-08-30 23:49:59,756:INFO: Number of eval datasets: 484
2018-08-30 23:49:59,756:INFO: Creating dataset...
2018-08-30 23:49:59,785:INFO: Creating the model...
2018-08-30 23:50:10,468:INFO: Creating the datasets...
2018-08-30 23:50:10,468:INFO: Number of breed labels 120
2018-08-30 23:50:10,471:INFO: Number of train datasets: 1130
2018-08-30 23:50:10,472:INFO: Number of eval datasets: 484
2018-08-30 23:50:10,472:INFO: Creating dataset...
2018-08-30 23:50:10,502:INFO: Creating the model...
2018-08-30 23:50:13,074:INFO: Starting training for 100 epoch(s)
2018-08-30 23:50:13,814:INFO: Epoch 1/100
2018-08-30 23:50:51,063:INFO: Creating the datasets...
2018-08-30 23:50:51,063:INFO: Number of breed labels 120
2018-08-30 23:50:51,066:INFO: Number of train datasets: 1130
2018-08-30 23:50:51,066:INFO: Number of eval datasets: 484
2018-08-30 23:50:51,066:INFO: Creating dataset...
2018-08-30 23:50:51,097:INFO: Creating the model...
2018-08-30 23:50:53,671:INFO: Starting training for 100 epoch(s)
2018-08-30 23:50:54,445:INFO: Epoch 1/100
2018-08-30 23:54:14,364:INFO: Creating the datasets...
2018-08-30 23:54:14,364:INFO: Number of breed labels 120
2018-08-30 23:54:14,367:INFO: Number of train datasets: 1130
2018-08-30 23:54:14,367:INFO: Number of eval datasets: 484
2018-08-30 23:54:14,367:INFO: Creating dataset...
2018-08-30 23:54:14,399:INFO: Creating the model...
2018-08-30 23:54:27,479:INFO: Creating the datasets...
2018-08-30 23:54:27,479:INFO: Number of breed labels 120
2018-08-30 23:54:27,483:INFO: Number of train datasets: 1130
2018-08-30 23:54:27,483:INFO: Number of eval datasets: 484
2018-08-30 23:54:27,483:INFO: Creating dataset...
2018-08-30 23:54:27,513:INFO: Creating the model...
2018-08-30 23:54:30,117:INFO: Starting training for 100 epoch(s)
2018-08-30 23:54:30,887:INFO: Epoch 1/100
2018-08-30 23:55:33,868:INFO: Creating the datasets...
2018-08-30 23:55:33,868:INFO: Number of breed labels 120
2018-08-30 23:55:33,872:INFO: Number of train datasets: 1130
2018-08-30 23:55:33,872:INFO: Number of eval datasets: 484
2018-08-30 23:55:33,872:INFO: Creating dataset...
2018-08-30 23:55:33,901:INFO: Creating the model...
2018-08-30 23:55:42,051:INFO: Creating the datasets...
2018-08-30 23:55:42,051:INFO: Number of breed labels 120
2018-08-30 23:55:42,054:INFO: Number of train datasets: 1130
2018-08-30 23:55:42,054:INFO: Number of eval datasets: 484
2018-08-30 23:55:42,054:INFO: Creating dataset...
2018-08-30 23:55:42,084:INFO: Creating the model...
2018-08-30 23:55:59,506:INFO: Creating the datasets...
2018-08-30 23:55:59,506:INFO: Number of breed labels 120
2018-08-30 23:55:59,509:INFO: Number of train datasets: 1130
2018-08-30 23:55:59,509:INFO: Number of eval datasets: 484
2018-08-30 23:55:59,510:INFO: Creating dataset...
2018-08-30 23:55:59,540:INFO: Creating the model...
2018-08-31 00:00:31,970:INFO: Creating the datasets...
2018-08-31 00:00:31,970:INFO: Number of breed labels 120
2018-08-31 00:00:31,973:INFO: Number of train datasets: 1130
2018-08-31 00:00:31,973:INFO: Number of eval datasets: 484
2018-08-31 00:00:31,973:INFO: Creating dataset...
2018-08-31 00:00:32,005:INFO: Creating the model...
2018-08-31 00:00:40,466:INFO: Creating the datasets...
2018-08-31 00:00:40,466:INFO: Number of breed labels 120
2018-08-31 00:00:40,470:INFO: Number of train datasets: 1130
2018-08-31 00:00:40,470:INFO: Number of eval datasets: 484
2018-08-31 00:00:40,470:INFO: Creating dataset...
2018-08-31 00:00:40,501:INFO: Creating the model...
2018-08-31 00:08:53,020:INFO: Creating the datasets...
2018-08-31 00:08:53,021:INFO: Number of breed labels 120
2018-08-31 00:08:53,024:INFO: Number of train datasets: 1130
2018-08-31 00:08:53,024:INFO: Number of eval datasets: 484
2018-08-31 00:08:53,024:INFO: Creating dataset...
2018-08-31 00:09:16,349:INFO: Creating the datasets...
2018-08-31 00:09:16,349:INFO: Number of breed labels 120
2018-08-31 00:09:16,353:INFO: Number of train datasets: 1130
2018-08-31 00:09:16,353:INFO: Number of eval datasets: 484
2018-08-31 00:09:16,353:INFO: Creating dataset...
2018-08-31 00:09:16,708:INFO: Creating the model...
2018-08-31 00:10:38,032:INFO: Creating the datasets...
2018-08-31 00:10:38,032:INFO: Number of breed labels 120
2018-08-31 00:10:38,036:INFO: Number of train datasets: 1130
2018-08-31 00:10:38,036:INFO: Number of eval datasets: 484
2018-08-31 00:10:38,036:INFO: Creating dataset...
2018-08-31 00:10:38,066:INFO: Creating the model...
2018-08-31 00:10:53,629:INFO: Creating the datasets...
2018-08-31 00:10:53,629:INFO: Number of breed labels 120
2018-08-31 00:10:53,633:INFO: Number of train datasets: 1130
2018-08-31 00:10:53,633:INFO: Number of eval datasets: 484
2018-08-31 00:10:53,633:INFO: Creating dataset...
2018-08-31 00:10:53,663:INFO: Creating the model...
2018-08-31 00:11:10,989:INFO: Creating the datasets...
2018-08-31 00:11:10,990:INFO: Number of breed labels 120
2018-08-31 00:11:10,993:INFO: Number of train datasets: 1130
2018-08-31 00:11:10,993:INFO: Number of eval datasets: 484
2018-08-31 00:11:10,993:INFO: Creating dataset...
2018-08-31 00:11:11,343:INFO: Creating the model...
2018-08-31 17:05:17,391:INFO: Creating the datasets...
2018-08-31 17:05:17,391:INFO: Number of breed labels 120
2018-08-31 17:05:17,394:INFO: Number of train datasets: 1130
2018-08-31 17:05:17,394:INFO: Number of eval datasets: 484
2018-08-31 17:05:17,394:INFO: Creating dataset...
2018-08-31 17:05:17,799:INFO: Creating the model...
2018-08-31 17:08:10,273:INFO: Creating the datasets...
2018-08-31 17:08:10,273:INFO: Number of breed labels 120
2018-08-31 17:08:10,276:INFO: Number of train datasets: 1130
2018-08-31 17:08:10,276:INFO: Number of eval datasets: 484
2018-08-31 17:08:10,276:INFO: Creating dataset...
2018-08-31 17:08:10,680:INFO: Creating the model...
2018-08-31 17:15:50,135:INFO: Creating the datasets...
2018-08-31 17:15:50,135:INFO: Number of breed labels 18
2018-08-31 17:15:50,138:INFO: Number of train datasets: 1130
2018-08-31 17:15:50,138:INFO: Number of eval datasets: 484
2018-08-31 17:15:50,138:INFO: Creating dataset...
2018-08-31 17:16:12,605:INFO: Creating the datasets...
2018-08-31 17:16:12,605:INFO: Number of breed labels 18
2018-08-31 17:16:12,609:INFO: Number of train datasets: 1130
2018-08-31 17:16:12,609:INFO: Number of eval datasets: 484
2018-08-31 17:16:12,609:INFO: Creating dataset...
2018-08-31 17:27:40,792:INFO: Creating the datasets...
2018-08-31 17:27:40,792:INFO: Number of breed labels 18
2018-08-31 17:27:40,796:INFO: Number of train datasets: 1130
2018-08-31 17:27:40,796:INFO: Number of eval datasets: 484
2018-08-31 17:27:40,796:INFO: Creating dataset...
2018-08-31 17:28:06,552:INFO: Creating the datasets...
2018-08-31 17:28:06,552:INFO: Number of breed labels 18
2018-08-31 17:28:06,556:INFO: Number of train datasets: 1130
2018-08-31 17:28:06,556:INFO: Number of eval datasets: 484
2018-08-31 17:28:06,556:INFO: Creating dataset...
2018-08-31 17:28:16,010:INFO: Creating the datasets...
2018-08-31 17:28:16,010:INFO: Number of breed labels 18
2018-08-31 17:28:16,014:INFO: Number of train datasets: 1130
2018-08-31 17:28:16,014:INFO: Number of eval datasets: 484
2018-08-31 17:28:16,014:INFO: Creating dataset...
2018-08-31 17:29:04,575:INFO: Creating the datasets...
2018-08-31 17:29:04,575:INFO: Number of breed labels 18
2018-08-31 17:29:04,578:INFO: Number of train datasets: 1130
2018-08-31 17:29:04,578:INFO: Number of eval datasets: 484
2018-08-31 17:29:04,578:INFO: Creating dataset...
2018-08-31 17:29:17,896:INFO: Creating the datasets...
2018-08-31 17:29:17,896:INFO: Number of breed labels 18
2018-08-31 17:29:17,899:INFO: Number of train datasets: 1130
2018-08-31 17:29:17,899:INFO: Number of eval datasets: 484
2018-08-31 17:29:17,899:INFO: Creating dataset...
2018-08-31 17:30:36,317:INFO: Creating the datasets...
2018-08-31 17:30:36,317:INFO: Number of breed labels 18
2018-08-31 17:30:36,321:INFO: Number of train datasets: 1130
2018-08-31 17:30:36,321:INFO: Number of eval datasets: 484
2018-08-31 17:30:36,321:INFO: Creating dataset...
2018-08-31 17:31:06,188:INFO: Creating the datasets...
2018-08-31 17:31:06,188:INFO: Number of breed labels 18
2018-08-31 17:31:06,192:INFO: Number of train datasets: 1130
2018-08-31 17:31:06,192:INFO: Number of eval datasets: 484
2018-08-31 17:31:06,192:INFO: Creating dataset...
2018-08-31 17:31:27,828:INFO: Creating the datasets...
2018-08-31 17:31:27,828:INFO: Number of breed labels 18
2018-08-31 17:31:27,831:INFO: Number of train datasets: 1130
2018-08-31 17:31:27,831:INFO: Number of eval datasets: 484
2018-08-31 17:31:27,831:INFO: Creating dataset...
2018-08-31 17:32:10,908:INFO: Creating the datasets...
2018-08-31 17:32:10,908:INFO: Number of breed labels 18
2018-08-31 17:32:10,913:INFO: Number of train datasets: 1130
2018-08-31 17:32:10,913:INFO: Number of eval datasets: 484
2018-08-31 17:32:10,913:INFO: Creating dataset...
2018-08-31 17:35:05,159:INFO: Creating the datasets...
2018-08-31 17:35:05,159:INFO: Number of breed labels 18
2018-08-31 17:35:05,163:INFO: Number of train datasets: 1130
2018-08-31 17:35:05,163:INFO: Number of eval datasets: 484
2018-08-31 17:35:05,163:INFO: Creating dataset...
2018-08-31 17:35:16,348:INFO: Creating the datasets...
2018-08-31 17:35:16,348:INFO: Number of breed labels 18
2018-08-31 17:35:16,351:INFO: Number of train datasets: 1130
2018-08-31 17:35:16,351:INFO: Number of eval datasets: 484
2018-08-31 17:35:16,351:INFO: Creating dataset...
2018-08-31 17:37:05,677:INFO: Creating the datasets...
2018-08-31 17:37:05,677:INFO: Number of breed labels 18
2018-08-31 17:37:05,680:INFO: Number of train datasets: 1130
2018-08-31 17:37:05,680:INFO: Number of eval datasets: 484
2018-08-31 17:37:05,681:INFO: Creating dataset...
2018-08-31 17:39:59,541:INFO: Creating the datasets...
2018-08-31 17:39:59,541:INFO: Number of breed labels 18
2018-08-31 17:39:59,544:INFO: Number of train datasets: 1130
2018-08-31 17:39:59,544:INFO: Number of eval datasets: 484
2018-08-31 17:39:59,544:INFO: Creating dataset...
2018-08-31 17:42:10,143:INFO: Creating the datasets...
2018-08-31 17:42:10,143:INFO: Number of breed labels 18
2018-08-31 17:42:10,147:INFO: Number of train datasets: 1130
2018-08-31 17:42:10,147:INFO: Number of eval datasets: 484
2018-08-31 17:42:10,147:INFO: Creating dataset...
2018-08-31 17:42:33,781:INFO: Creating the datasets...
2018-08-31 17:42:33,781:INFO: Number of breed labels 18
2018-08-31 17:42:33,784:INFO: Number of train datasets: 1130
2018-08-31 17:42:33,784:INFO: Number of eval datasets: 484
2018-08-31 17:42:33,784:INFO: Creating dataset...
2018-08-31 17:42:45,451:INFO: Creating the datasets...
2018-08-31 17:42:45,451:INFO: Number of breed labels 18
2018-08-31 17:42:45,454:INFO: Number of train datasets: 1130
2018-08-31 17:42:45,455:INFO: Number of eval datasets: 484
2018-08-31 17:42:45,455:INFO: Creating dataset...
2018-08-31 17:42:54,238:INFO: Creating the datasets...
2018-08-31 17:42:54,238:INFO: Number of breed labels 18
2018-08-31 17:42:54,241:INFO: Number of train datasets: 1130
2018-08-31 17:42:54,241:INFO: Number of eval datasets: 484
2018-08-31 17:42:54,241:INFO: Creating dataset...
2018-08-31 17:43:06,301:INFO: Creating the datasets...
2018-08-31 17:43:06,301:INFO: Number of breed labels 18
2018-08-31 17:43:06,304:INFO: Number of train datasets: 1130
2018-08-31 17:43:06,304:INFO: Number of eval datasets: 484
2018-08-31 17:43:06,304:INFO: Creating dataset...
2018-09-16 20:19:46,421:INFO: Creating the datasets...
2018-09-16 20:19:46,422:INFO: Number of breed labels 18
2018-09-16 20:19:46,425:INFO: Number of train datasets: 1130
2018-09-16 20:19:46,425:INFO: Number of eval datasets: 484
2018-09-16 20:19:46,425:INFO: Creating dataset...
2018-09-16 20:21:42,565:INFO: Creating the datasets...
2018-09-16 20:21:42,565:INFO: Number of breed labels 18
2018-09-16 20:21:42,569:INFO: Number of train datasets: 1130
2018-09-16 20:21:42,569:INFO: Number of eval datasets: 484
2018-09-16 20:21:42,569:INFO: Creating dataset...
2018-09-16 20:21:55,444:INFO: Creating the datasets...
2018-09-16 20:21:55,444:INFO: Number of breed labels 18
2018-09-16 20:21:55,448:INFO: Number of train datasets: 1130
2018-09-16 20:21:55,448:INFO: Number of eval datasets: 484
2018-09-16 20:21:55,448:INFO: Creating dataset...
2018-09-16 20:51:46,808:INFO: Creating the datasets...
2018-09-16 20:51:46,808:INFO: Number of breed labels 18
2018-09-16 20:51:46,812:INFO: Number of train datasets: 1130
2018-09-16 20:51:46,812:INFO: Number of eval datasets: 484
2018-09-16 20:51:46,812:INFO: Creating dataset...
